<?xml version="1.0" encoding="UTF-8"?>
<!-- Generated by org.testng.reporters.JUnitXMLReporter -->
<testsuite hostname="SQE" name="Test" tests="16" failures="1" timestamp="14 Feb 2017 11:51:14 GMT" time="388.975" errors="0">
  <testcase name="Logout" time="42.056" classname="foodniche_project.Signin_and_forgot_password"/>
  <testcase name="Facebook_Signin" time="20.873" classname="foodniche_project.Signin_and_forgot_password"/>
  <testcase name="Restoring_password" time="22.082" classname="foodniche_project.Signin_and_forgot_password"/>
  <testcase name="Posting_Pictures_Contents_by_Individual_User" time="53.507" classname="foodniche_project.Contents_by_individual_user"/>
  <testcase name="Editing_Pictures_by_Individual_User" time="16.783" classname="foodniche_project.Contents_by_individual_user"/>
  <testcase name="Deleting_Pictures_Contents_by_Individual_User" time="1.76" classname="foodniche_project.Contents_by_individual_user"/>
  <testcase name="Posting_Video_By_Individual_User" time="17.424" classname="foodniche_project.Contents_by_individual_user"/>
  <testcase name="Editing_Video_by_Individual_User" time="17.285" classname="foodniche_project.Contents_by_individual_user"/>
  <testcase name="Deleting_Video_Contents_by_Individual_User" time="1.326" classname="foodniche_project.Contents_by_individual_user"/>
  <testcase name="Posting_Recipe_by_Individual_User" time="45.342" classname="foodniche_project.Contents_by_individual_user"/>
  <testcase name="Editing_Recipe_by_Individual_User" time="18.96" classname="foodniche_project.Contents_by_individual_user"/>
  <testcase name="Deleting_Recipe_Contents_by_Individual_User" time="1.807" classname="foodniche_project.Contents_by_individual_user"/>
  <testcase name="Posting_Tutorials_by_Individual_User" time="31.372" classname="foodniche_project.Contents_by_individual_user"/>
  <testcase name="Editing_Tutorials_by_Individual_User" time="15.119" classname="foodniche_project.Contents_by_individual_user"/>
  <testcase name="Deleting_Tutorials_Contents_by_Individual_User" time="10.305" classname="foodniche_project.Contents_by_individual_user"/>
  <testcase name="SignUpForm" time="72.944" classname="foodniche_project.Signupuser">
    <failure type="java.lang.NullPointerException">
      <![CDATA[java.lang.NullPointerException
	at foodniche_project.Signupuser.SignUpForm(Signupuser.java:57)
	at org.apache.maven.surefire.testng.TestNGExecutor.run(TestNGExecutor.java:281)
	at org.apache.maven.surefire.testng.TestNGXmlTestSuite.execute(TestNGXmlTestSuite.java:75)
	at org.apache.maven.surefire.testng.TestNGProvider.invoke(TestNGProvider.java:121)
	at org.apache.maven.surefire.booter.ForkedBooter.invokeProviderInSameClassLoader(ForkedBooter.java:290)
	at org.apache.maven.surefire.booter.ForkedBooter.runSuitesInProcess(ForkedBooter.java:242)
	at org.apache.maven.surefire.booter.ForkedBooter.main(ForkedBooter.java:121)
... Removed 21 stack frames]]>
    </failure>
  </testcase> <!-- SignUpForm -->
</testsuite> <!-- Test -->
