<?xml version="1.0" encoding="UTF-8"?>
<testsuite xmlns:xsi="http://www.w3.org/2001/XMLSchema-instance" xsi:schemaLocation="https://maven.apache.org/surefire/maven-surefire-plugin/xsd/surefire-test-report.xsd" name="TestSuite" time="850.914" tests="31" errors="0" skipped="0" failures="4">
  <properties>
[...]
</properties>
  <testcase name="Logout" classname="foodniche_project.Signin_and_forgot_password" time="42.055"/>
  <testcase name="Facebook_Signin" classname="foodniche_project.Signin_and_forgot_password" time="20.868"/>
  <testcase name="Restoring_password" classname="foodniche_project.Signin_and_forgot_password" time="22.083"/>
  <testcase name="Posting_Pictures_Contents_by_Individual_User" classname="foodniche_project.Contents_by_individual_user" time="53.507"/>
  <testcase name="Editing_Pictures_by_Individual_User" classname="foodniche_project.Contents_by_individual_user" time="16.782"/>
  <testcase name="Deleting_Pictures_Contents_by_Individual_User" classname="foodniche_project.Contents_by_individual_user" time="1.76"/>
  <testcase name="Posting_Video_By_Individual_User" classname="foodniche_project.Contents_by_individual_user" time="17.424"/>
  <testcase name="Editing_Video_by_Individual_User" classname="foodniche_project.Contents_by_individual_user" time="17.285"/>
  <testcase name="Deleting_Video_Contents_by_Individual_User" classname="foodniche_project.Contents_by_individual_user" time="1.326"/>
  <testcase name="Posting_Recipe_by_Individual_User" classname="foodniche_project.Contents_by_individual_user" time="45.343"/>
  <testcase name="Editing_Recipe_by_Individual_User" classname="foodniche_project.Contents_by_individual_user" time="18.959"/>
  <testcase name="Deleting_Recipe_Contents_by_Individual_User" classname="foodniche_project.Contents_by_individual_user" time="1.807"/>
  <testcase name="Posting_Tutorials_by_Individual_User" classname="foodniche_project.Contents_by_individual_user" time="31.371"/>
  <testcase name="Editing_Tutorials_by_Individual_User" classname="foodniche_project.Contents_by_individual_user" time="15.118"/>
  <testcase name="Deleting_Tutorials_Contents_by_Individual_User" classname="foodniche_project.Contents_by_individual_user" time="10.305"/>
  <testcase name="SignUpForm" classname="foodniche_project.Signupuser" time="72.951">
    <failure type="java.lang.NullPointerException">java.lang.NullPointerException
	at foodniche_project.Signupuser.SignUpForm(Signupuser.java:57)
</failure>
    <system-out><![CDATA[---------------------------------------------------------------------------------------------------------------
@URL Opening.......https://foodniche.me/
	*Signup link should be displayed
	*signup link not displayed-----
]]></system-out>
  </testcase>
  <testcase name="Posting_Pictures_Contents_by_Business_User" classname="foodniche_project.Contents_by_business_user" time="49.431"/>
  <testcase name="Editing_Pictures_Contents_by_Business_User" classname="foodniche_project.Contents_by_business_user" time="16.044"/>
  <testcase name="Deleting_Pictures_Contents_by_Business_User" classname="foodniche_project.Contents_by_business_user" time="1.715"/>
  <testcase name="Posting_Video_Contents_By_Business_User" classname="foodniche_project.Contents_by_business_user" time="16.805"/>
  <testcase name="Editing_Video_Contents_by_Business_User" classname="foodniche_project.Contents_by_business_user" time="15.977"/>
  <testcase name="Deleting_Video_Contents_by_Business_User" classname="foodniche_project.Contents_by_business_user" time="1.227"/>
  <testcase name="Posting_Recipe_Contents_by_Business_User" classname="foodniche_project.Contents_by_business_user" time="37.69"/>
  <testcase name="Editing_Recipe_Contents_by_Business_User" classname="foodniche_project.Contents_by_business_user" time="13.533"/>
  <testcase name="Deleting_Recipe_Contents_Contents_by_Business_User" classname="foodniche_project.Contents_by_business_user" time="1.73"/>
  <testcase name="Posting_Tutorials_Contents_by_Business_User" classname="foodniche_project.Contents_by_business_user" time="31.248"/>
  <testcase name="Editing_Tutorials_Contents_by_Business_User" classname="foodniche_project.Contents_by_business_user" time="13.995"/>
  <testcase name="Deleting_Tutorials_Contents_by_Business_User" classname="foodniche_project.Contents_by_business_user" time="1.72"/>
  <testcase name="Posting_Coupons_Contents_by_Business_User" classname="foodniche_project.Contents_by_business_user" time="67.425">
    <failure type="java.lang.NullPointerException">java.lang.NullPointerException
	at foodniche_project.Contents_by_business_user.Posting_Coupons_Contents_by_Business_User(Contents_by_business_user.java:345)
</failure>
    <system-out><![CDATA[	*User Content Status should be displayed
	*User Content Status should be displayed
	*Coupons Button should be displayed
	Coupons Button not displayed-----
]]></system-out>
  </testcase>
  <testcase name="SignUpForm" classname="foodniche_project.Signup_business_user" time="76.575">
    <failure type="java.lang.NullPointerException">java.lang.NullPointerException
	at foodniche_project.Signup_business_user.SignUpForm(Signup_business_user.java:56)
</failure>
    <system-out><![CDATA[---------------------------------------------------------------------------------------------------------------
@URL Opening.......https://foodniche.me/
	*Signup link should be displayed
	*signup link not displayed-----
]]></system-out>
  </testcase>
  <testcase name="Posting_Picture_by_Business_User" classname="foodniche_project.Groups_by_business" time="114.628">
    <failure type="java.lang.NullPointerException">java.lang.NullPointerException
	at foodniche_project.Groups_by_business.Posting_Picture_by_Business_User(Groups_by_business.java:123)
</failure>
    <system-out><![CDATA[---------------------------------------------------------------------------------------------------------------
@URL Opening.......https://foodniche.me/
	*Signin should be displayed
	*UserName Text field should be displayed
	*Password Text field should be displayed
	*Login button should be displayed
	*Logout button should be displayed
	# Validation == PASS :: 'LOG OUT' Text is present
	*My Group menu should be displayed
	*Group assert1 should be displayed
	# Validation == PASS :: 'Back to Home' Text is present
	*Create group button should be displayed
	*Group assert2 should be displayed
	# Validation == PASS :: 'Create Groups' Text is present
	*Group name should be displayed
	*Group Description should be displayed
	*Group assert should be displayed
	Group assert not displayed-----
]]></system-out>
  </testcase>
</testsuite>