<?xml version="1.0" encoding="UTF-8"?>
<testng-results skipped="0" failed="4" total="31" passed="27">
  <reporter-output>
    <line>
      <![CDATA[*signup link not displayed-----Timed out after 60 seconds waiting for element to be clickable: By.xpath: .//*[@id='navbar']/div/ul/li[1]/button
Build info: version: '2.53.0', revision: '35ae25b1534ae328c771e0856c93e187490ca824', time: '2016-03-15 10:43:46'
System info: host: 'SQE', ip: '192.168.56.1', os.name: 'Windows 8', os.arch: 'amd64', os.version: '6.2', java.version: '1.8.0_40'
Driver info: org.openqa.selenium.remote.RemoteWebDriver
Capabilities [{applicationCacheEnabled=false, rotatable=false, mobileEmulationEnabled=false, networkConnectionEnabled=false, chrome={chromedriverVersion=2.27.440174 (e97a722caafc2d3a8b807ee115bfb307f7d2cfd9), userDataDir=C:\Windows\proxy\scoped_dir1452_477}, takesHeapSnapshot=true, pageLoadStrategy=normal, databaseEnabled=false, handlesAlerts=true, hasTouchScreen=false, version=55.0.2883.75, platform=WIN8, browserConnectionEnabled=false, nativeEvents=true, acceptSslCerts=true, webdriver.remote.sessionid=1e808967e404777c58bd0c16fb74b43ed0306395, locationContextEnabled=true, webStorageEnabled=true, browserName=chrome, takesScreenshot=true, javascriptEnabled=true, cssSelectorsEnabled=true, unexpectedAlertBehaviour=}]
Session ID: 1e808967e404777c58bd0c16fb74b43ed0306395]]>
    </line>
    <line>
      <![CDATA[Coupons Button not displayed-----Timed out after 60 seconds waiting for element to be clickable: By.xpath: .//*[@id='content']/div[2]/div/div[2]/div/div/form/div/div/div[3]/div[5]
Build info: version: '2.53.0', revision: '35ae25b1534ae328c771e0856c93e187490ca824', time: '2016-03-15 10:43:46'
System info: host: 'SQE', ip: '192.168.56.1', os.name: 'Windows 8', os.arch: 'amd64', os.version: '6.2', java.version: '1.8.0_40'
Driver info: org.openqa.selenium.remote.RemoteWebDriver
Capabilities [{applicationCacheEnabled=false, rotatable=false, mobileEmulationEnabled=false, networkConnectionEnabled=false, chrome={chromedriverVersion=2.27.440174 (e97a722caafc2d3a8b807ee115bfb307f7d2cfd9), userDataDir=C:\Windows\proxy\scoped_dir5024_14406}, takesHeapSnapshot=true, pageLoadStrategy=normal, databaseEnabled=false, handlesAlerts=true, hasTouchScreen=false, version=55.0.2883.75, platform=WIN8, browserConnectionEnabled=false, nativeEvents=true, acceptSslCerts=true, webdriver.remote.sessionid=39350ff6891ac94dee26fc006531da4bcc2d56c0, locationContextEnabled=true, webStorageEnabled=true, browserName=chrome, takesScreenshot=true, javascriptEnabled=true, cssSelectorsEnabled=true, unexpectedAlertBehaviour=}]
Session ID: 39350ff6891ac94dee26fc006531da4bcc2d56c0]]>
    </line>
    <line>
      <![CDATA[*signup link not displayed-----Timed out after 60 seconds waiting for element to be clickable: By.xpath: .//*[@id='navbar']/div/ul/li[1]/button
Build info: version: '2.53.0', revision: '35ae25b1534ae328c771e0856c93e187490ca824', time: '2016-03-15 10:43:46'
System info: host: 'SQE', ip: '192.168.56.1', os.name: 'Windows 8', os.arch: 'amd64', os.version: '6.2', java.version: '1.8.0_40'
Driver info: org.openqa.selenium.remote.RemoteWebDriver
Capabilities [{applicationCacheEnabled=false, rotatable=false, mobileEmulationEnabled=false, networkConnectionEnabled=false, chrome={chromedriverVersion=2.27.440174 (e97a722caafc2d3a8b807ee115bfb307f7d2cfd9), userDataDir=C:\Windows\proxy\scoped_dir2352_4551}, takesHeapSnapshot=true, pageLoadStrategy=normal, databaseEnabled=false, handlesAlerts=true, hasTouchScreen=false, version=55.0.2883.75, platform=WIN8, browserConnectionEnabled=false, nativeEvents=true, acceptSslCerts=true, webdriver.remote.sessionid=f5b52ced28cc7022b55887d7784c21317448f7cc, locationContextEnabled=true, webStorageEnabled=true, browserName=chrome, takesScreenshot=true, javascriptEnabled=true, cssSelectorsEnabled=true, unexpectedAlertBehaviour=}]
Session ID: f5b52ced28cc7022b55887d7784c21317448f7cc]]>
    </line>
    <line>
      <![CDATA[Group assert not displayed-----Timed out after 60 seconds waiting for element to be clickable: By.xpath: html/body/div[2]/div/div/div/div
Build info: version: '2.53.0', revision: '35ae25b1534ae328c771e0856c93e187490ca824', time: '2016-03-15 10:43:46'
System info: host: 'SQE', ip: '192.168.56.1', os.name: 'Windows 8', os.arch: 'amd64', os.version: '6.2', java.version: '1.8.0_40'
Driver info: org.openqa.selenium.remote.RemoteWebDriver
Capabilities [{applicationCacheEnabled=false, rotatable=false, mobileEmulationEnabled=false, networkConnectionEnabled=false, chrome={chromedriverVersion=2.27.440174 (e97a722caafc2d3a8b807ee115bfb307f7d2cfd9), userDataDir=C:\Windows\proxy\scoped_dir4092_27397}, takesHeapSnapshot=true, pageLoadStrategy=normal, databaseEnabled=false, handlesAlerts=true, hasTouchScreen=false, version=55.0.2883.75, platform=WIN8, browserConnectionEnabled=false, nativeEvents=true, acceptSslCerts=true, webdriver.remote.sessionid=122fee1fa73497f7380603e85cb7afad584798a6, locationContextEnabled=true, webStorageEnabled=true, browserName=chrome, takesScreenshot=true, javascriptEnabled=true, cssSelectorsEnabled=true, unexpectedAlertBehaviour=}]
Session ID: 122fee1fa73497f7380603e85cb7afad584798a6]]>
    </line>
  </reporter-output>
  <suite name="Suite1" duration-ms="388975" started-at="2017-02-14T11:44:45Z" finished-at="2017-02-14T11:51:14Z">
    <groups>
    </groups>
    <test name="Test" duration-ms="388975" started-at="2017-02-14T11:44:45Z" finished-at="2017-02-14T11:51:14Z">
      <class name="foodniche_project.Signin_and_forgot_password">
        <test-method status="PASS" signature="Logout()[pri:0, instance:foodniche_project.Signin_and_forgot_password@1a407d53]" name="Logout" duration-ms="42056" started-at="2017-02-14T17:14:45Z" finished-at="2017-02-14T17:15:27Z">
          <reporter-output>
          </reporter-output>
        </test-method> <!-- Logout -->
        <test-method status="PASS" signature="Facebook_Signin()[pri:0, instance:foodniche_project.Signin_and_forgot_password@1a407d53]" name="Facebook_Signin" duration-ms="20873" started-at="2017-02-14T17:15:27Z" finished-at="2017-02-14T17:15:48Z">
          <reporter-output>
          </reporter-output>
        </test-method> <!-- Facebook_Signin -->
        <test-method status="PASS" signature="Restoring_password()[pri:0, instance:foodniche_project.Signin_and_forgot_password@1a407d53]" name="Restoring_password" duration-ms="22082" started-at="2017-02-14T17:15:48Z" finished-at="2017-02-14T17:16:10Z">
          <reporter-output>
          </reporter-output>
        </test-method> <!-- Restoring_password -->
      </class> <!-- foodniche_project.Signin_and_forgot_password -->
      <class name="foodniche_project.Contents_by_individual_user">
        <test-method status="PASS" signature="Posting_Pictures_Contents_by_Individual_User()[pri:0, instance:foodniche_project.Contents_by_individual_user@3d8c7aca]" name="Posting_Pictures_Contents_by_Individual_User" duration-ms="53507" started-at="2017-02-14T17:16:10Z" finished-at="2017-02-14T17:17:04Z">
          <reporter-output>
          </reporter-output>
        </test-method> <!-- Posting_Pictures_Contents_by_Individual_User -->
        <test-method status="PASS" signature="Editing_Pictures_by_Individual_User()[pri:0, instance:foodniche_project.Contents_by_individual_user@3d8c7aca]" name="Editing_Pictures_by_Individual_User" duration-ms="16783" started-at="2017-02-14T17:17:04Z" finished-at="2017-02-14T17:17:21Z">
          <reporter-output>
          </reporter-output>
        </test-method> <!-- Editing_Pictures_by_Individual_User -->
        <test-method status="PASS" signature="Deleting_Pictures_Contents_by_Individual_User()[pri:0, instance:foodniche_project.Contents_by_individual_user@3d8c7aca]" name="Deleting_Pictures_Contents_by_Individual_User" duration-ms="1760" started-at="2017-02-14T17:17:21Z" finished-at="2017-02-14T17:17:22Z">
          <reporter-output>
          </reporter-output>
        </test-method> <!-- Deleting_Pictures_Contents_by_Individual_User -->
        <test-method status="PASS" signature="Posting_Video_By_Individual_User()[pri:0, instance:foodniche_project.Contents_by_individual_user@3d8c7aca]" name="Posting_Video_By_Individual_User" duration-ms="17424" started-at="2017-02-14T17:17:22Z" finished-at="2017-02-14T17:17:40Z">
          <reporter-output>
          </reporter-output>
        </test-method> <!-- Posting_Video_By_Individual_User -->
        <test-method status="PASS" signature="Editing_Video_by_Individual_User()[pri:0, instance:foodniche_project.Contents_by_individual_user@3d8c7aca]" name="Editing_Video_by_Individual_User" duration-ms="17285" started-at="2017-02-14T17:17:40Z" finished-at="2017-02-14T17:17:57Z">
          <reporter-output>
          </reporter-output>
        </test-method> <!-- Editing_Video_by_Individual_User -->
        <test-method status="PASS" signature="Deleting_Video_Contents_by_Individual_User()[pri:0, instance:foodniche_project.Contents_by_individual_user@3d8c7aca]" name="Deleting_Video_Contents_by_Individual_User" duration-ms="1326" started-at="2017-02-14T17:17:57Z" finished-at="2017-02-14T17:17:58Z">
          <reporter-output>
          </reporter-output>
        </test-method> <!-- Deleting_Video_Contents_by_Individual_User -->
        <test-method status="PASS" signature="Posting_Recipe_by_Individual_User()[pri:0, instance:foodniche_project.Contents_by_individual_user@3d8c7aca]" name="Posting_Recipe_by_Individual_User" duration-ms="45342" started-at="2017-02-14T17:17:58Z" finished-at="2017-02-14T17:18:44Z">
          <reporter-output>
          </reporter-output>
        </test-method> <!-- Posting_Recipe_by_Individual_User -->
        <test-method status="PASS" signature="Editing_Recipe_by_Individual_User()[pri:0, instance:foodniche_project.Contents_by_individual_user@3d8c7aca]" name="Editing_Recipe_by_Individual_User" duration-ms="18960" started-at="2017-02-14T17:18:44Z" finished-at="2017-02-14T17:19:03Z">
          <reporter-output>
          </reporter-output>
        </test-method> <!-- Editing_Recipe_by_Individual_User -->
        <test-method status="PASS" signature="Deleting_Recipe_Contents_by_Individual_User()[pri:0, instance:foodniche_project.Contents_by_individual_user@3d8c7aca]" name="Deleting_Recipe_Contents_by_Individual_User" duration-ms="1807" started-at="2017-02-14T17:19:03Z" finished-at="2017-02-14T17:19:05Z">
          <reporter-output>
          </reporter-output>
        </test-method> <!-- Deleting_Recipe_Contents_by_Individual_User -->
        <test-method status="PASS" signature="Posting_Tutorials_by_Individual_User()[pri:0, instance:foodniche_project.Contents_by_individual_user@3d8c7aca]" name="Posting_Tutorials_by_Individual_User" duration-ms="31372" started-at="2017-02-14T17:19:05Z" finished-at="2017-02-14T17:19:36Z">
          <reporter-output>
          </reporter-output>
        </test-method> <!-- Posting_Tutorials_by_Individual_User -->
        <test-method status="PASS" signature="Editing_Tutorials_by_Individual_User()[pri:0, instance:foodniche_project.Contents_by_individual_user@3d8c7aca]" name="Editing_Tutorials_by_Individual_User" duration-ms="15119" started-at="2017-02-14T17:19:36Z" finished-at="2017-02-14T17:19:51Z">
          <reporter-output>
          </reporter-output>
        </test-method> <!-- Editing_Tutorials_by_Individual_User -->
        <test-method status="PASS" signature="Deleting_Tutorials_Contents_by_Individual_User()[pri:0, instance:foodniche_project.Contents_by_individual_user@3d8c7aca]" name="Deleting_Tutorials_Contents_by_Individual_User" duration-ms="10305" started-at="2017-02-14T17:19:51Z" finished-at="2017-02-14T17:20:01Z">
          <reporter-output>
          </reporter-output>
        </test-method> <!-- Deleting_Tutorials_Contents_by_Individual_User -->
      </class> <!-- foodniche_project.Contents_by_individual_user -->
      <class name="foodniche_project.Signupuser">
        <test-method status="FAIL" signature="SignUpForm()[pri:0, instance:foodniche_project.Signupuser@96532d6]" name="SignUpForm" duration-ms="72944" started-at="2017-02-14T17:20:01Z" finished-at="2017-02-14T17:21:14Z">
          <exception class="java.lang.NullPointerException">
            <full-stacktrace>
              <![CDATA[java.lang.NullPointerException
	at foodniche_project.Signupuser.SignUpForm(Signupuser.java:57)
	at sun.reflect.NativeMethodAccessorImpl.invoke0(Native Method)
	at sun.reflect.NativeMethodAccessorImpl.invoke(NativeMethodAccessorImpl.java:62)
	at sun.reflect.DelegatingMethodAccessorImpl.invoke(DelegatingMethodAccessorImpl.java:43)
	at java.lang.reflect.Method.invoke(Method.java:497)
	at org.testng.internal.MethodInvocationHelper.invokeMethod(MethodInvocationHelper.java:80)
	at org.testng.internal.Invoker.invokeMethod(Invoker.java:714)
	at org.testng.internal.Invoker.invokeTestMethod(Invoker.java:901)
	at org.testng.internal.Invoker.invokeTestMethods(Invoker.java:1231)
	at org.testng.internal.TestMethodWorker.invokeTestMethods(TestMethodWorker.java:127)
	at org.testng.internal.TestMethodWorker.run(TestMethodWorker.java:111)
	at org.testng.TestRunner.privateRun(TestRunner.java:767)
	at org.testng.TestRunner.run(TestRunner.java:617)
	at org.testng.SuiteRunner.runTest(SuiteRunner.java:334)
	at org.testng.SuiteRunner.runSequentially(SuiteRunner.java:329)
	at org.testng.SuiteRunner.privateRun(SuiteRunner.java:291)
	at org.testng.SuiteRunner.run(SuiteRunner.java:240)
	at org.testng.SuiteRunnerWorker.runSuite(SuiteRunnerWorker.java:52)
	at org.testng.SuiteRunnerWorker.run(SuiteRunnerWorker.java:86)
	at org.testng.TestNG.runSuitesSequentially(TestNG.java:1198)
	at org.testng.TestNG.runSuitesLocally(TestNG.java:1123)
	at org.testng.TestNG.run(TestNG.java:1031)
	at org.apache.maven.surefire.testng.TestNGExecutor.run(TestNGExecutor.java:281)
	at org.apache.maven.surefire.testng.TestNGXmlTestSuite.execute(TestNGXmlTestSuite.java:75)
	at org.apache.maven.surefire.testng.TestNGProvider.invoke(TestNGProvider.java:121)
	at org.apache.maven.surefire.booter.ForkedBooter.invokeProviderInSameClassLoader(ForkedBooter.java:290)
	at org.apache.maven.surefire.booter.ForkedBooter.runSuitesInProcess(ForkedBooter.java:242)
	at org.apache.maven.surefire.booter.ForkedBooter.main(ForkedBooter.java:121)
]]>
            </full-stacktrace>
          </exception> <!-- java.lang.NullPointerException -->
          <reporter-output>
            <line>
              <![CDATA[*signup link not displayed-----Timed out after 60 seconds waiting for element to be clickable: By.xpath: .//*[@id='navbar']/div/ul/li[1]/button
Build info: version: '2.53.0', revision: '35ae25b1534ae328c771e0856c93e187490ca824', time: '2016-03-15 10:43:46'
System info: host: 'SQE', ip: '192.168.56.1', os.name: 'Windows 8', os.arch: 'amd64', os.version: '6.2', java.version: '1.8.0_40'
Driver info: org.openqa.selenium.remote.RemoteWebDriver
Capabilities [{applicationCacheEnabled=false, rotatable=false, mobileEmulationEnabled=false, networkConnectionEnabled=false, chrome={chromedriverVersion=2.27.440174 (e97a722caafc2d3a8b807ee115bfb307f7d2cfd9), userDataDir=C:\Windows\proxy\scoped_dir1452_477}, takesHeapSnapshot=true, pageLoadStrategy=normal, databaseEnabled=false, handlesAlerts=true, hasTouchScreen=false, version=55.0.2883.75, platform=WIN8, browserConnectionEnabled=false, nativeEvents=true, acceptSslCerts=true, webdriver.remote.sessionid=1e808967e404777c58bd0c16fb74b43ed0306395, locationContextEnabled=true, webStorageEnabled=true, browserName=chrome, takesScreenshot=true, javascriptEnabled=true, cssSelectorsEnabled=true, unexpectedAlertBehaviour=}]
Session ID: 1e808967e404777c58bd0c16fb74b43ed0306395]]>
            </line>
          </reporter-output>
        </test-method> <!-- SignUpForm -->
      </class> <!-- foodniche_project.Signupuser -->
    </test> <!-- Test -->
  </suite> <!-- Suite1 -->
  <suite name="Suite2" duration-ms="459754" started-at="2017-02-14T11:51:14Z" finished-at="2017-02-14T11:58:54Z">
    <groups>
    </groups>
    <test name="Test" duration-ms="459754" started-at="2017-02-14T11:51:14Z" finished-at="2017-02-14T11:58:54Z">
      <class name="foodniche_project.Groups_by_business">
        <test-method status="FAIL" signature="Posting_Picture_by_Business_User()[pri:0, instance:foodniche_project.Groups_by_business@1e67b872]" name="Posting_Picture_by_Business_User" duration-ms="114629" started-at="2017-02-14T17:27:00Z" finished-at="2017-02-14T17:28:54Z">
          <exception class="java.lang.NullPointerException">
            <full-stacktrace>
              <![CDATA[java.lang.NullPointerException
	at Reusable.Assertion_Test.groupassert(Assertion_Test.java:435)
	at foodniche_project.Groups_by_business.Posting_Picture_by_Business_User(Groups_by_business.java:123)
	at sun.reflect.NativeMethodAccessorImpl.invoke0(Native Method)
	at sun.reflect.NativeMethodAccessorImpl.invoke(NativeMethodAccessorImpl.java:62)
	at sun.reflect.DelegatingMethodAccessorImpl.invoke(DelegatingMethodAccessorImpl.java:43)
	at java.lang.reflect.Method.invoke(Method.java:497)
	at org.testng.internal.MethodInvocationHelper.invokeMethod(MethodInvocationHelper.java:80)
	at org.testng.internal.Invoker.invokeMethod(Invoker.java:714)
	at org.testng.internal.Invoker.invokeTestMethod(Invoker.java:901)
	at org.testng.internal.Invoker.invokeTestMethods(Invoker.java:1231)
	at org.testng.internal.TestMethodWorker.invokeTestMethods(TestMethodWorker.java:127)
	at org.testng.internal.TestMethodWorker.run(TestMethodWorker.java:111)
	at org.testng.TestRunner.privateRun(TestRunner.java:767)
	at org.testng.TestRunner.run(TestRunner.java:617)
	at org.testng.SuiteRunner.runTest(SuiteRunner.java:334)
	at org.testng.SuiteRunner.runSequentially(SuiteRunner.java:329)
	at org.testng.SuiteRunner.privateRun(SuiteRunner.java:291)
	at org.testng.SuiteRunner.run(SuiteRunner.java:240)
	at org.testng.SuiteRunnerWorker.runSuite(SuiteRunnerWorker.java:52)
	at org.testng.SuiteRunnerWorker.run(SuiteRunnerWorker.java:86)
	at org.testng.TestNG.runSuitesSequentially(TestNG.java:1198)
	at org.testng.TestNG.runSuitesLocally(TestNG.java:1123)
	at org.testng.TestNG.run(TestNG.java:1031)
	at org.apache.maven.surefire.testng.TestNGExecutor.run(TestNGExecutor.java:281)
	at org.apache.maven.surefire.testng.TestNGXmlTestSuite.execute(TestNGXmlTestSuite.java:75)
	at org.apache.maven.surefire.testng.TestNGProvider.invoke(TestNGProvider.java:121)
	at org.apache.maven.surefire.booter.ForkedBooter.invokeProviderInSameClassLoader(ForkedBooter.java:290)
	at org.apache.maven.surefire.booter.ForkedBooter.runSuitesInProcess(ForkedBooter.java:242)
	at org.apache.maven.surefire.booter.ForkedBooter.main(ForkedBooter.java:121)
]]>
            </full-stacktrace>
          </exception> <!-- java.lang.NullPointerException -->
          <reporter-output>
            <line>
              <![CDATA[Group assert not displayed-----Timed out after 60 seconds waiting for element to be clickable: By.xpath: html/body/div[2]/div/div/div/div
Build info: version: '2.53.0', revision: '35ae25b1534ae328c771e0856c93e187490ca824', time: '2016-03-15 10:43:46'
System info: host: 'SQE', ip: '192.168.56.1', os.name: 'Windows 8', os.arch: 'amd64', os.version: '6.2', java.version: '1.8.0_40'
Driver info: org.openqa.selenium.remote.RemoteWebDriver
Capabilities [{applicationCacheEnabled=false, rotatable=false, mobileEmulationEnabled=false, networkConnectionEnabled=false, chrome={chromedriverVersion=2.27.440174 (e97a722caafc2d3a8b807ee115bfb307f7d2cfd9), userDataDir=C:\Windows\proxy\scoped_dir4092_27397}, takesHeapSnapshot=true, pageLoadStrategy=normal, databaseEnabled=false, handlesAlerts=true, hasTouchScreen=false, version=55.0.2883.75, platform=WIN8, browserConnectionEnabled=false, nativeEvents=true, acceptSslCerts=true, webdriver.remote.sessionid=122fee1fa73497f7380603e85cb7afad584798a6, locationContextEnabled=true, webStorageEnabled=true, browserName=chrome, takesScreenshot=true, javascriptEnabled=true, cssSelectorsEnabled=true, unexpectedAlertBehaviour=}]
Session ID: 122fee1fa73497f7380603e85cb7afad584798a6]]>
            </line>
          </reporter-output>
        </test-method> <!-- Posting_Picture_by_Business_User -->
      </class> <!-- foodniche_project.Groups_by_business -->
      <class name="foodniche_project.Signup_business_user">
        <test-method status="FAIL" signature="SignUpForm()[pri:0, instance:foodniche_project.Signup_business_user@60addb54]" name="SignUpForm" duration-ms="76574" started-at="2017-02-14T17:25:43Z" finished-at="2017-02-14T17:27:00Z">
          <exception class="java.lang.NullPointerException">
            <full-stacktrace>
              <![CDATA[java.lang.NullPointerException
	at foodniche_project.Signup_business_user.SignUpForm(Signup_business_user.java:56)
	at sun.reflect.NativeMethodAccessorImpl.invoke0(Native Method)
	at sun.reflect.NativeMethodAccessorImpl.invoke(NativeMethodAccessorImpl.java:62)
	at sun.reflect.DelegatingMethodAccessorImpl.invoke(DelegatingMethodAccessorImpl.java:43)
	at java.lang.reflect.Method.invoke(Method.java:497)
	at org.testng.internal.MethodInvocationHelper.invokeMethod(MethodInvocationHelper.java:80)
	at org.testng.internal.Invoker.invokeMethod(Invoker.java:714)
	at org.testng.internal.Invoker.invokeTestMethod(Invoker.java:901)
	at org.testng.internal.Invoker.invokeTestMethods(Invoker.java:1231)
	at org.testng.internal.TestMethodWorker.invokeTestMethods(TestMethodWorker.java:127)
	at org.testng.internal.TestMethodWorker.run(TestMethodWorker.java:111)
	at org.testng.TestRunner.privateRun(TestRunner.java:767)
	at org.testng.TestRunner.run(TestRunner.java:617)
	at org.testng.SuiteRunner.runTest(SuiteRunner.java:334)
	at org.testng.SuiteRunner.runSequentially(SuiteRunner.java:329)
	at org.testng.SuiteRunner.privateRun(SuiteRunner.java:291)
	at org.testng.SuiteRunner.run(SuiteRunner.java:240)
	at org.testng.SuiteRunnerWorker.runSuite(SuiteRunnerWorker.java:52)
	at org.testng.SuiteRunnerWorker.run(SuiteRunnerWorker.java:86)
	at org.testng.TestNG.runSuitesSequentially(TestNG.java:1198)
	at org.testng.TestNG.runSuitesLocally(TestNG.java:1123)
	at org.testng.TestNG.run(TestNG.java:1031)
	at org.apache.maven.surefire.testng.TestNGExecutor.run(TestNGExecutor.java:281)
	at org.apache.maven.surefire.testng.TestNGXmlTestSuite.execute(TestNGXmlTestSuite.java:75)
	at org.apache.maven.surefire.testng.TestNGProvider.invoke(TestNGProvider.java:121)
	at org.apache.maven.surefire.booter.ForkedBooter.invokeProviderInSameClassLoader(ForkedBooter.java:290)
	at org.apache.maven.surefire.booter.ForkedBooter.runSuitesInProcess(ForkedBooter.java:242)
	at org.apache.maven.surefire.booter.ForkedBooter.main(ForkedBooter.java:121)
]]>
            </full-stacktrace>
          </exception> <!-- java.lang.NullPointerException -->
          <reporter-output>
            <line>
              <![CDATA[*signup link not displayed-----Timed out after 60 seconds waiting for element to be clickable: By.xpath: .//*[@id='navbar']/div/ul/li[1]/button
Build info: version: '2.53.0', revision: '35ae25b1534ae328c771e0856c93e187490ca824', time: '2016-03-15 10:43:46'
System info: host: 'SQE', ip: '192.168.56.1', os.name: 'Windows 8', os.arch: 'amd64', os.version: '6.2', java.version: '1.8.0_40'
Driver info: org.openqa.selenium.remote.RemoteWebDriver
Capabilities [{applicationCacheEnabled=false, rotatable=false, mobileEmulationEnabled=false, networkConnectionEnabled=false, chrome={chromedriverVersion=2.27.440174 (e97a722caafc2d3a8b807ee115bfb307f7d2cfd9), userDataDir=C:\Windows\proxy\scoped_dir2352_4551}, takesHeapSnapshot=true, pageLoadStrategy=normal, databaseEnabled=false, handlesAlerts=true, hasTouchScreen=false, version=55.0.2883.75, platform=WIN8, browserConnectionEnabled=false, nativeEvents=true, acceptSslCerts=true, webdriver.remote.sessionid=f5b52ced28cc7022b55887d7784c21317448f7cc, locationContextEnabled=true, webStorageEnabled=true, browserName=chrome, takesScreenshot=true, javascriptEnabled=true, cssSelectorsEnabled=true, unexpectedAlertBehaviour=}]
Session ID: f5b52ced28cc7022b55887d7784c21317448f7cc]]>
            </line>
          </reporter-output>
        </test-method> <!-- SignUpForm -->
      </class> <!-- foodniche_project.Signup_business_user -->
      <class name="foodniche_project.Contents_by_business_user">
        <test-method status="PASS" signature="Posting_Pictures_Contents_by_Business_User()[pri:0, instance:foodniche_project.Contents_by_business_user@5d624da6]" name="Posting_Pictures_Contents_by_Business_User" duration-ms="49432" started-at="2017-02-14T17:21:14Z" finished-at="2017-02-14T17:22:04Z">
          <reporter-output>
          </reporter-output>
        </test-method> <!-- Posting_Pictures_Contents_by_Business_User -->
        <test-method status="PASS" signature="Editing_Pictures_Contents_by_Business_User()[pri:0, instance:foodniche_project.Contents_by_business_user@5d624da6]" name="Editing_Pictures_Contents_by_Business_User" duration-ms="16044" started-at="2017-02-14T17:22:04Z" finished-at="2017-02-14T17:22:20Z">
          <reporter-output>
          </reporter-output>
        </test-method> <!-- Editing_Pictures_Contents_by_Business_User -->
        <test-method status="PASS" signature="Deleting_Pictures_Contents_by_Business_User()[pri:0, instance:foodniche_project.Contents_by_business_user@5d624da6]" name="Deleting_Pictures_Contents_by_Business_User" duration-ms="1715" started-at="2017-02-14T17:22:20Z" finished-at="2017-02-14T17:22:22Z">
          <reporter-output>
          </reporter-output>
        </test-method> <!-- Deleting_Pictures_Contents_by_Business_User -->
        <test-method status="PASS" signature="Posting_Video_Contents_By_Business_User()[pri:0, instance:foodniche_project.Contents_by_business_user@5d624da6]" name="Posting_Video_Contents_By_Business_User" duration-ms="16805" started-at="2017-02-14T17:22:22Z" finished-at="2017-02-14T17:22:38Z">
          <reporter-output>
          </reporter-output>
        </test-method> <!-- Posting_Video_Contents_By_Business_User -->
        <test-method status="PASS" signature="Editing_Video_Contents_by_Business_User()[pri:0, instance:foodniche_project.Contents_by_business_user@5d624da6]" name="Editing_Video_Contents_by_Business_User" duration-ms="15980" started-at="2017-02-14T17:22:38Z" finished-at="2017-02-14T17:22:54Z">
          <reporter-output>
          </reporter-output>
        </test-method> <!-- Editing_Video_Contents_by_Business_User -->
        <test-method status="PASS" signature="Deleting_Video_Contents_by_Business_User()[pri:0, instance:foodniche_project.Contents_by_business_user@5d624da6]" name="Deleting_Video_Contents_by_Business_User" duration-ms="1228" started-at="2017-02-14T17:22:54Z" finished-at="2017-02-14T17:22:56Z">
          <reporter-output>
          </reporter-output>
        </test-method> <!-- Deleting_Video_Contents_by_Business_User -->
        <test-method status="PASS" signature="Posting_Recipe_Contents_by_Business_User()[pri:0, instance:foodniche_project.Contents_by_business_user@5d624da6]" name="Posting_Recipe_Contents_by_Business_User" duration-ms="37691" started-at="2017-02-14T17:22:56Z" finished-at="2017-02-14T17:23:33Z">
          <reporter-output>
          </reporter-output>
        </test-method> <!-- Posting_Recipe_Contents_by_Business_User -->
        <test-method status="PASS" signature="Editing_Recipe_Contents_by_Business_User()[pri:0, instance:foodniche_project.Contents_by_business_user@5d624da6]" name="Editing_Recipe_Contents_by_Business_User" duration-ms="13533" started-at="2017-02-14T17:23:33Z" finished-at="2017-02-14T17:23:47Z">
          <reporter-output>
          </reporter-output>
        </test-method> <!-- Editing_Recipe_Contents_by_Business_User -->
        <test-method status="PASS" signature="Deleting_Recipe_Contents_Contents_by_Business_User()[pri:0, instance:foodniche_project.Contents_by_business_user@5d624da6]" name="Deleting_Recipe_Contents_Contents_by_Business_User" duration-ms="1731" started-at="2017-02-14T17:23:47Z" finished-at="2017-02-14T17:23:49Z">
          <reporter-output>
          </reporter-output>
        </test-method> <!-- Deleting_Recipe_Contents_Contents_by_Business_User -->
        <test-method status="PASS" signature="Posting_Tutorials_Contents_by_Business_User()[pri:0, instance:foodniche_project.Contents_by_business_user@5d624da6]" name="Posting_Tutorials_Contents_by_Business_User" duration-ms="31248" started-at="2017-02-14T17:23:49Z" finished-at="2017-02-14T17:24:20Z">
          <reporter-output>
          </reporter-output>
        </test-method> <!-- Posting_Tutorials_Contents_by_Business_User -->
        <test-method status="PASS" signature="Editing_Tutorials_Contents_by_Business_User()[pri:0, instance:foodniche_project.Contents_by_business_user@5d624da6]" name="Editing_Tutorials_Contents_by_Business_User" duration-ms="13995" started-at="2017-02-14T17:24:20Z" finished-at="2017-02-14T17:24:34Z">
          <reporter-output>
          </reporter-output>
        </test-method> <!-- Editing_Tutorials_Contents_by_Business_User -->
        <test-method status="PASS" signature="Deleting_Tutorials_Contents_by_Business_User()[pri:0, instance:foodniche_project.Contents_by_business_user@5d624da6]" name="Deleting_Tutorials_Contents_by_Business_User" duration-ms="1720" started-at="2017-02-14T17:24:34Z" finished-at="2017-02-14T17:24:36Z">
          <reporter-output>
          </reporter-output>
        </test-method> <!-- Deleting_Tutorials_Contents_by_Business_User -->
        <test-method status="FAIL" signature="Posting_Coupons_Contents_by_Business_User()[pri:0, instance:foodniche_project.Contents_by_business_user@5d624da6]" name="Posting_Coupons_Contents_by_Business_User" duration-ms="67425" started-at="2017-02-14T17:24:36Z" finished-at="2017-02-14T17:25:43Z">
          <exception class="java.lang.NullPointerException">
            <full-stacktrace>
              <![CDATA[java.lang.NullPointerException
	at foodniche_project.Contents_by_business_user.Posting_Coupons_Contents_by_Business_User(Contents_by_business_user.java:345)
	at sun.reflect.NativeMethodAccessorImpl.invoke0(Native Method)
	at sun.reflect.NativeMethodAccessorImpl.invoke(NativeMethodAccessorImpl.java:62)
	at sun.reflect.DelegatingMethodAccessorImpl.invoke(DelegatingMethodAccessorImpl.java:43)
	at java.lang.reflect.Method.invoke(Method.java:497)
	at org.testng.internal.MethodInvocationHelper.invokeMethod(MethodInvocationHelper.java:80)
	at org.testng.internal.Invoker.invokeMethod(Invoker.java:714)
	at org.testng.internal.Invoker.invokeTestMethod(Invoker.java:901)
	at org.testng.internal.Invoker.invokeTestMethods(Invoker.java:1231)
	at org.testng.internal.TestMethodWorker.invokeTestMethods(TestMethodWorker.java:127)
	at org.testng.internal.TestMethodWorker.run(TestMethodWorker.java:111)
	at org.testng.TestRunner.privateRun(TestRunner.java:767)
	at org.testng.TestRunner.run(TestRunner.java:617)
	at org.testng.SuiteRunner.runTest(SuiteRunner.java:334)
	at org.testng.SuiteRunner.runSequentially(SuiteRunner.java:329)
	at org.testng.SuiteRunner.privateRun(SuiteRunner.java:291)
	at org.testng.SuiteRunner.run(SuiteRunner.java:240)
	at org.testng.SuiteRunnerWorker.runSuite(SuiteRunnerWorker.java:52)
	at org.testng.SuiteRunnerWorker.run(SuiteRunnerWorker.java:86)
	at org.testng.TestNG.runSuitesSequentially(TestNG.java:1198)
	at org.testng.TestNG.runSuitesLocally(TestNG.java:1123)
	at org.testng.TestNG.run(TestNG.java:1031)
	at org.apache.maven.surefire.testng.TestNGExecutor.run(TestNGExecutor.java:281)
	at org.apache.maven.surefire.testng.TestNGXmlTestSuite.execute(TestNGXmlTestSuite.java:75)
	at org.apache.maven.surefire.testng.TestNGProvider.invoke(TestNGProvider.java:121)
	at org.apache.maven.surefire.booter.ForkedBooter.invokeProviderInSameClassLoader(ForkedBooter.java:290)
	at org.apache.maven.surefire.booter.ForkedBooter.runSuitesInProcess(ForkedBooter.java:242)
	at org.apache.maven.surefire.booter.ForkedBooter.main(ForkedBooter.java:121)
]]>
            </full-stacktrace>
          </exception> <!-- java.lang.NullPointerException -->
          <reporter-output>
            <line>
              <![CDATA[Coupons Button not displayed-----Timed out after 60 seconds waiting for element to be clickable: By.xpath: .//*[@id='content']/div[2]/div/div[2]/div/div/form/div/div/div[3]/div[5]
Build info: version: '2.53.0', revision: '35ae25b1534ae328c771e0856c93e187490ca824', time: '2016-03-15 10:43:46'
System info: host: 'SQE', ip: '192.168.56.1', os.name: 'Windows 8', os.arch: 'amd64', os.version: '6.2', java.version: '1.8.0_40'
Driver info: org.openqa.selenium.remote.RemoteWebDriver
Capabilities [{applicationCacheEnabled=false, rotatable=false, mobileEmulationEnabled=false, networkConnectionEnabled=false, chrome={chromedriverVersion=2.27.440174 (e97a722caafc2d3a8b807ee115bfb307f7d2cfd9), userDataDir=C:\Windows\proxy\scoped_dir5024_14406}, takesHeapSnapshot=true, pageLoadStrategy=normal, databaseEnabled=false, handlesAlerts=true, hasTouchScreen=false, version=55.0.2883.75, platform=WIN8, browserConnectionEnabled=false, nativeEvents=true, acceptSslCerts=true, webdriver.remote.sessionid=39350ff6891ac94dee26fc006531da4bcc2d56c0, locationContextEnabled=true, webStorageEnabled=true, browserName=chrome, takesScreenshot=true, javascriptEnabled=true, cssSelectorsEnabled=true, unexpectedAlertBehaviour=}]
Session ID: 39350ff6891ac94dee26fc006531da4bcc2d56c0]]>
            </line>
          </reporter-output>
        </test-method> <!-- Posting_Coupons_Contents_by_Business_User -->
      </class> <!-- foodniche_project.Contents_by_business_user -->
    </test> <!-- Test -->
  </suite> <!-- Suite2 -->
</testng-results>
