<?xml version="1.0" encoding="UTF-8"?>
<!-- Generated by org.testng.reporters.JUnitXMLReporter -->
<testsuite hostname="SQE" name="Test" tests="15" failures="3" timestamp="14 Feb 2017 11:58:54 GMT" time="459.754" errors="0">
  <testcase name="Posting_Pictures_Contents_by_Business_User" time="49.432" classname="foodniche_project.Contents_by_business_user"/>
  <testcase name="Editing_Pictures_Contents_by_Business_User" time="16.044" classname="foodniche_project.Contents_by_business_user"/>
  <testcase name="Deleting_Pictures_Contents_by_Business_User" time="1.715" classname="foodniche_project.Contents_by_business_user"/>
  <testcase name="Posting_Video_Contents_By_Business_User" time="16.805" classname="foodniche_project.Contents_by_business_user"/>
  <testcase name="Editing_Video_Contents_by_Business_User" time="15.98" classname="foodniche_project.Contents_by_business_user"/>
  <testcase name="Deleting_Video_Contents_by_Business_User" time="1.228" classname="foodniche_project.Contents_by_business_user"/>
  <testcase name="Posting_Recipe_Contents_by_Business_User" time="37.691" classname="foodniche_project.Contents_by_business_user"/>
  <testcase name="Editing_Recipe_Contents_by_Business_User" time="13.533" classname="foodniche_project.Contents_by_business_user"/>
  <testcase name="Deleting_Recipe_Contents_Contents_by_Business_User" time="1.731" classname="foodniche_project.Contents_by_business_user"/>
  <testcase name="Posting_Tutorials_Contents_by_Business_User" time="31.248" classname="foodniche_project.Contents_by_business_user"/>
  <testcase name="Editing_Tutorials_Contents_by_Business_User" time="13.995" classname="foodniche_project.Contents_by_business_user"/>
  <testcase name="Deleting_Tutorials_Contents_by_Business_User" time="1.72" classname="foodniche_project.Contents_by_business_user"/>
  <testcase name="Posting_Coupons_Contents_by_Business_User" time="67.425" classname="foodniche_project.Contents_by_business_user">
    <failure type="java.lang.NullPointerException">
      <![CDATA[java.lang.NullPointerException
	at foodniche_project.Contents_by_business_user.Posting_Coupons_Contents_by_Business_User(Contents_by_business_user.java:345)
	at org.apache.maven.surefire.testng.TestNGExecutor.run(TestNGExecutor.java:281)
	at org.apache.maven.surefire.testng.TestNGXmlTestSuite.execute(TestNGXmlTestSuite.java:75)
	at org.apache.maven.surefire.testng.TestNGProvider.invoke(TestNGProvider.java:121)
	at org.apache.maven.surefire.booter.ForkedBooter.invokeProviderInSameClassLoader(ForkedBooter.java:290)
	at org.apache.maven.surefire.booter.ForkedBooter.runSuitesInProcess(ForkedBooter.java:242)
	at org.apache.maven.surefire.booter.ForkedBooter.main(ForkedBooter.java:121)
... Removed 21 stack frames]]>
    </failure>
  </testcase> <!-- Posting_Coupons_Contents_by_Business_User -->
  <testcase name="SignUpForm" time="76.574" classname="foodniche_project.Signup_business_user">
    <failure type="java.lang.NullPointerException">
      <![CDATA[java.lang.NullPointerException
	at foodniche_project.Signup_business_user.SignUpForm(Signup_business_user.java:56)
	at org.apache.maven.surefire.testng.TestNGExecutor.run(TestNGExecutor.java:281)
	at org.apache.maven.surefire.testng.TestNGXmlTestSuite.execute(TestNGXmlTestSuite.java:75)
	at org.apache.maven.surefire.testng.TestNGProvider.invoke(TestNGProvider.java:121)
	at org.apache.maven.surefire.booter.ForkedBooter.invokeProviderInSameClassLoader(ForkedBooter.java:290)
	at org.apache.maven.surefire.booter.ForkedBooter.runSuitesInProcess(ForkedBooter.java:242)
	at org.apache.maven.surefire.booter.ForkedBooter.main(ForkedBooter.java:121)
... Removed 21 stack frames]]>
    </failure>
  </testcase> <!-- SignUpForm -->
  <testcase name="Posting_Picture_by_Business_User" time="114.629" classname="foodniche_project.Groups_by_business">
    <failure type="java.lang.NullPointerException">
      <![CDATA[java.lang.NullPointerException
	at Reusable.Assertion_Test.groupassert(Assertion_Test.java:435)
	at foodniche_project.Groups_by_business.Posting_Picture_by_Business_User(Groups_by_business.java:123)
	at org.apache.maven.surefire.testng.TestNGExecutor.run(TestNGExecutor.java:281)
	at org.apache.maven.surefire.testng.TestNGXmlTestSuite.execute(TestNGXmlTestSuite.java:75)
	at org.apache.maven.surefire.testng.TestNGProvider.invoke(TestNGProvider.java:121)
	at org.apache.maven.surefire.booter.ForkedBooter.invokeProviderInSameClassLoader(ForkedBooter.java:290)
	at org.apache.maven.surefire.booter.ForkedBooter.runSuitesInProcess(ForkedBooter.java:242)
	at org.apache.maven.surefire.booter.ForkedBooter.main(ForkedBooter.java:121)
... Removed 21 stack frames]]>
    </failure>
  </testcase> <!-- Posting_Picture_by_Business_User -->
</testsuite> <!-- Test -->
